[Thu Sep 01 14:09:46.275068 2016] [ssl:warn] [pid 1904:tid 552] AH01909: localhost:443:0 server certificate does NOT include an ID which matches the server name
[Thu Sep 01 14:09:46.787508 2016] [ssl:warn] [pid 1904:tid 552] AH01909: localhost:443:0 server certificate does NOT include an ID which matches the server name
[Thu Sep 01 14:09:47.266649 2016] [mpm_winnt:notice] [pid 1904:tid 552] AH00455: Apache/2.4.23 (Win32) OpenSSL/1.0.2h PHP/7.0.10 configured -- resuming normal operations
[Thu Sep 01 14:09:47.267653 2016] [mpm_winnt:notice] [pid 1904:tid 552] AH00456: Apache Lounge VC14 Server built: Jul  1 2016 11:09:37
[Thu Sep 01 14:09:47.267653 2016] [core:notice] [pid 1904:tid 552] AH00094: Command line: 'C:\\WORDPR~1.6-1\\apache2\\bin\\httpd.exe -d C:/wordpress-4.6-1/apache2 -f C:\\WORDPR~1.6-1\\apache2\\conf\\httpd.conf'
[Thu Sep 01 14:09:47.274010 2016] [mpm_winnt:notice] [pid 1904:tid 552] AH00418: Parent: Created child process 11000
[Thu Sep 01 14:09:47.906492 2016] [ssl:warn] [pid 11000:tid 480] AH01909: localhost:443:0 server certificate does NOT include an ID which matches the server name
[Thu Sep 01 14:09:48.214016 2016] [ssl:warn] [pid 11000:tid 480] AH01909: localhost:443:0 server certificate does NOT include an ID which matches the server name
[Thu Sep 01 14:09:48.269413 2016] [mpm_winnt:notice] [pid 11000:tid 480] AH00354: Child: Starting 64 worker threads.
[Thu Sep 01 14:09:55.248411 2016] [mpm_winnt:notice] [pid 1904:tid 552] AH00422: Parent: Received shutdown signal -- Shutting down the server.
[Thu Sep 01 14:09:57.250902 2016] [mpm_winnt:notice] [pid 11000:tid 480] AH00364: Child: All worker threads have exited.
[Thu Sep 01 14:09:57.298381 2016] [mpm_winnt:notice] [pid 1904:tid 552] AH00430: Parent: Child process 11000 exited successfully.
[Thu Sep 01 14:09:59.675735 2016] [ssl:warn] [pid 7816:tid 560] AH01909: localhost:443:0 server certificate does NOT include an ID which matches the server name
[Thu Sep 01 14:09:59.862035 2016] [ssl:warn] [pid 7816:tid 560] AH01909: localhost:443:0 server certificate does NOT include an ID which matches the server name
[Thu Sep 01 14:09:59.877046 2016] [mpm_winnt:notice] [pid 7816:tid 560] AH00455: Apache/2.4.23 (Win32) OpenSSL/1.0.2h PHP/7.0.10 configured -- resuming normal operations
[Thu Sep 01 14:09:59.877046 2016] [mpm_winnt:notice] [pid 7816:tid 560] AH00456: Apache Lounge VC14 Server built: Jul  1 2016 11:09:37
[Thu Sep 01 14:09:59.877046 2016] [core:notice] [pid 7816:tid 560] AH00094: Command line: 'C:\\WORDPR~1.6-1\\apache2\\bin\\httpd.exe -d C:/wordpress-4.6-1/apache2 -f C:\\WORDPR~1.6-1\\apache2\\conf\\httpd.conf'
[Thu Sep 01 14:09:59.885050 2016] [mpm_winnt:notice] [pid 7816:tid 560] AH00418: Parent: Created child process 11740
[Thu Sep 01 14:10:00.394668 2016] [ssl:warn] [pid 11740:tid 476] AH01909: localhost:443:0 server certificate does NOT include an ID which matches the server name
[Thu Sep 01 14:10:00.546047 2016] [ssl:warn] [pid 11740:tid 476] AH01909: localhost:443:0 server certificate does NOT include an ID which matches the server name
[Thu Sep 01 14:10:00.560057 2016] [mpm_winnt:notice] [pid 11740:tid 476] AH00354: Child: Starting 64 worker threads.
[Thu Sep 01 14:10:24.226242 2016] [mpm_winnt:notice] [pid 7816:tid 560] AH00422: Parent: Received shutdown signal -- Shutting down the server.
[Thu Sep 01 14:10:26.228099 2016] [mpm_winnt:notice] [pid 11740:tid 476] AH00364: Child: All worker threads have exited.
[Thu Sep 01 14:10:26.248305 2016] [mpm_winnt:notice] [pid 7816:tid 560] AH00430: Parent: Child process 11740 exited successfully.
[Thu Sep 01 14:10:28.492839 2016] [ssl:warn] [pid 11200:tid 520] AH01909: localhost:443:0 server certificate does NOT include an ID which matches the server name
[Thu Sep 01 14:10:28.678115 2016] [ssl:warn] [pid 11200:tid 520] AH01909: localhost:443:0 server certificate does NOT include an ID which matches the server name
[Thu Sep 01 14:10:28.694697 2016] [mpm_winnt:notice] [pid 11200:tid 520] AH00455: Apache/2.4.23 (Win32) OpenSSL/1.0.2h PHP/7.0.10 configured -- resuming normal operations
[Thu Sep 01 14:10:28.695698 2016] [mpm_winnt:notice] [pid 11200:tid 520] AH00456: Apache Lounge VC14 Server built: Jul  1 2016 11:09:37
[Thu Sep 01 14:10:28.695698 2016] [core:notice] [pid 11200:tid 520] AH00094: Command line: 'C:\\WORDPR~1.6-1\\apache2\\bin\\httpd.exe -d C:/wordpress-4.6-1/apache2 -f C:\\WORDPR~1.6-1\\apache2\\conf\\httpd.conf'
[Thu Sep 01 14:10:28.701700 2016] [mpm_winnt:notice] [pid 11200:tid 520] AH00418: Parent: Created child process 10900
[Thu Sep 01 14:10:29.265570 2016] [ssl:warn] [pid 10900:tid 532] AH01909: localhost:443:0 server certificate does NOT include an ID which matches the server name
[Thu Sep 01 14:10:29.419241 2016] [ssl:warn] [pid 10900:tid 532] AH01909: localhost:443:0 server certificate does NOT include an ID which matches the server name
[Thu Sep 01 14:10:29.436252 2016] [mpm_winnt:notice] [pid 10900:tid 532] AH00354: Child: Starting 64 worker threads.
[Thu Sep 01 18:54:23.337577 2016] [:error] [pid 10900:tid 996] [client 192.168.0.47:56241] WordPress database error Table 'wp_bp_xprofile_data' already exists for query CREATE TABLE wp_bp_xprofile_data (\n\t\t\t\tid bigint(20) unsigned NOT NULL AUTO_INCREMENT PRIMARY KEY,\n\t\t\t\tfield_id bigint(20) unsigned NOT NULL,\n\t\t\t\tuser_id bigint(20) unsigned NOT NULL,\n\t\t\t\tvalue longtext NOT NULL,\n\t\t\t\tlast_updated datetime NOT NULL,\n\t\t\t\tKEY field_id (field_id),\n\t\t\t\tKEY user_id (user_id)\n\t\t\t) DEFAULT CHARACTER SET utf8mb4; made by require_once('C:\\wordpress-4.6-1\\apps\\wordpress\\htdocs\\wp-admin\\admin.php'), do_action('admin_init'), bp_admin_init, do_action('bp_admin_init'), bp_setup_updater, bp_version_updater, bp_core_install, bp_core_install_extended_profiles, dbDelta, referer: http://bd64.ddns.net/wordpress/wp-admin/options-general.php
[Thu Sep 01 18:54:23.992745 2016] [:error] [pid 10900:tid 996] [client 192.168.0.47:56241] WordPress database error Table 'wp_bp_xprofile_meta' already exists for query CREATE TABLE wp_bp_xprofile_meta (\n\t\t\t\tid bigint(20) NOT NULL AUTO_INCREMENT PRIMARY KEY,\n\t\t\t\tobject_id bigint(20) NOT NULL,\n\t\t\t\tobject_type varchar(150) NOT NULL,\n\t\t\t\tmeta_key varchar(255) DEFAULT NULL,\n\t\t\t\tmeta_value longtext DEFAULT NULL,\n\t\t\t\tKEY object_id (object_id),\n\t\t\t\tKEY meta_key (meta_key(191))\n\t\t\t) DEFAULT CHARACTER SET utf8mb4; made by require_once('C:\\wordpress-4.6-1\\apps\\wordpress\\htdocs\\wp-admin\\admin.php'), do_action('admin_init'), bp_admin_init, do_action('bp_admin_init'), bp_setup_updater, bp_version_updater, bp_core_install, bp_core_install_extended_profiles, dbDelta, referer: http://bd64.ddns.net/wordpress/wp-admin/options-general.php
[Thu Sep 01 19:23:09.994889 2016] [authz_core:error] [pid 10900:tid 1136] [client 192.168.0.47:57056] AH01630: client denied by server configuration: C:/wordpress-4.6-1/apps/wordpress/htdocs/wp-content/plugins/versionpress/temp/security-check.txt
[Thu Sep 01 19:24:32.844653 2016] [authz_core:error] [pid 10900:tid 1008] [client 192.168.0.47:57096] AH01630: client denied by server configuration: C:/wordpress-4.6-1/apps/wordpress/htdocs/wp-content/plugins/versionpress/temp/security-check.txt
[Thu Sep 01 20:37:59.275930 2016] [autoindex:error] [pid 10900:tid 1008] [client 192.168.0.47:58379] AH01276: Cannot serve directory C:/wordpress-4.6-1/apps/wordpress/htdocs/wp-content/cache/: No matching DirectoryIndex (index.html,index.php) found, and server-generated directory index forbidden by Options directive, referer: http://bd64.ddns.net/wordpress/wp-content/cache/
[Thu Sep 01 21:25:06.483756 2016] [mpm_winnt:notice] [pid 11200:tid 520] AH00422: Parent: Received shutdown signal -- Shutting down the server.
[Thu Sep 01 21:25:13.002465 2016] [mpm_winnt:notice] [pid 10900:tid 532] AH00364: Child: All worker threads have exited.
[Thu Sep 01 21:25:13.123350 2016] [mpm_winnt:notice] [pid 11200:tid 520] AH00430: Parent: Child process 10900 exited successfully.
