2016-09-01T21:07:17.628746Z 0 [Warning] TIMESTAMP with implicit DEFAULT value is deprecated. Please use --explicit_defaults_for_timestamp server option (see documentation for more details).
2016-09-01T21:07:28.819739Z 0 [Warning] InnoDB: New log files created, LSN=45790
2016-09-01T21:07:30.031975Z 0 [Warning] InnoDB: Creating foreign key constraint system tables.
2016-09-01T21:07:30.535553Z 0 [Warning] No existing UUID has been found, so we assume that this is the first time that this server has been started. Generating a new UUID: 1834cc3a-7088-11e6-afc0-a0d3c1ca878f.
2016-09-01T21:07:30.935198Z 0 [Warning] Gtid table is not ready to be used. Table 'mysql.gtid_executed' cannot be opened.
2016-09-01T21:07:32.728127Z 1 [Warning] root@localhost is created with an empty password ! Please consider switching off the --initialize-insecure option.
2016-09-01T21:08:09.021293Z 0 [Warning] TIMESTAMP with implicit DEFAULT value is deprecated. Please use --explicit_defaults_for_timestamp server option (see documentation for more details).
2016-09-01T21:08:09.021293Z 0 [Warning] Insecure configuration for --secure-file-priv: Current value does not restrict location of generated files. Consider setting it to a valid, non-empty path.
2016-09-01T21:08:09.021293Z 0 [Note] C:\WORDPR~1.6-1\mysql\bin\mysqld.exe (mysqld 5.7.14) starting as process 11380 ...
2016-09-01T21:08:09.096354Z 0 [Note] InnoDB: Mutexes and rw_locks use Windows interlocked functions
2016-09-01T21:08:09.097356Z 0 [Note] InnoDB: Uses event mutexes
2016-09-01T21:08:09.097356Z 0 [Note] InnoDB: Memory barrier is not used
2016-09-01T21:08:09.098357Z 0 [Note] InnoDB: Compressed tables use zlib 1.2.3
2016-09-01T21:08:09.098357Z 0 [Note] InnoDB: Number of pools: 1
2016-09-01T21:08:09.099356Z 0 [Note] InnoDB: Not using CPU crc32 instructions
2016-09-01T21:08:09.104825Z 0 [Note] InnoDB: Initializing buffer pool, total size = 128M, instances = 1, chunk size = 128M
2016-09-01T21:08:09.115836Z 0 [Note] InnoDB: Completed initialization of buffer pool
2016-09-01T21:08:09.928182Z 0 [Note] InnoDB: Highest supported file format is Barracuda.
2016-09-01T21:08:10.469517Z 0 [Note] InnoDB: Creating shared tablespace for temporary tables
2016-09-01T21:08:10.470518Z 0 [Note] InnoDB: Setting file '.\ibtmp1' size to 12 MB. Physically writing the file full; Please wait ...
2016-09-01T21:08:11.364676Z 0 [Note] InnoDB: File '.\ibtmp1' size is now 12 MB.
2016-09-01T21:08:11.468346Z 0 [Note] InnoDB: 96 redo rollback segment(s) found. 96 redo rollback segment(s) are active.
2016-09-01T21:08:11.469347Z 0 [Note] InnoDB: 32 non-redo rollback segment(s) are active.
2016-09-01T21:08:11.470349Z 0 [Note] InnoDB: Waiting for purge to start
2016-09-01T21:08:11.558402Z 0 [Note] InnoDB: 5.7.14 started; log sequence number 2525817
2016-09-01T21:08:11.562407Z 0 [Note] InnoDB: Loading buffer pool(s) from C:\wordpress-4.6-1\mysql\data\ib_buffer_pool
2016-09-01T21:08:11.761504Z 0 [Note] Plugin 'FEDERATED' is disabled.
2016-09-01T21:08:12.064293Z 0 [Warning] Failed to set up SSL because of the following SSL library error: SSL context is not usable without certificate and private key
2016-09-01T21:08:12.065299Z 0 [Note] Server hostname (bind-address): '127.0.0.1'; port: 3306
2016-09-01T21:08:12.180183Z 0 [Note]   - '127.0.0.1' resolves to '127.0.0.1';
2016-09-01T21:08:12.181288Z 0 [Note] Server socket created on IP: '127.0.0.1'.
2016-09-01T21:08:12.983749Z 0 [Note] InnoDB: Buffer pool(s) load completed at 160901 14:08:12
2016-09-01T21:08:13.031274Z 0 [Note] Event Scheduler: Loaded 0 events
2016-09-01T21:08:13.032275Z 0 [Note] C:\WORDPR~1.6-1\mysql\bin\mysqld.exe: ready for connections.
Version: '5.7.14'  socket: ''  port: 3306  MySQL Community Server (GPL)
2016-09-01T21:08:47.217375Z 0 [Note] C:\WORDPR~1.6-1\mysql\bin\mysqld.exe: Normal shutdown

2016-09-01T21:08:47.219380Z 0 [Note] Giving 0 client threads a chance to die gracefully
2016-09-01T21:08:47.219380Z 0 [Note] Shutting down slave threads
2016-09-01T21:08:47.219380Z 0 [Note] Forcefully disconnecting 0 remaining clients
2016-09-01T21:08:47.220380Z 0 [Note] Event Scheduler: Purging the queue. 0 events
2016-09-01T21:08:47.221384Z 0 [Note] Binlog end
2016-09-01T21:08:47.229387Z 0 [Note] Shutting down plugin 'ngram'
2016-09-01T21:08:47.229387Z 0 [Note] Shutting down plugin 'partition'
2016-09-01T21:08:47.230388Z 0 [Note] Shutting down plugin 'BLACKHOLE'
2016-09-01T21:08:47.230388Z 0 [Note] Shutting down plugin 'ARCHIVE'
2016-09-01T21:08:47.231388Z 0 [Note] Shutting down plugin 'PERFORMANCE_SCHEMA'
2016-09-01T21:08:47.231388Z 0 [Note] Shutting down plugin 'MRG_MYISAM'
2016-09-01T21:08:47.232388Z 0 [Note] Shutting down plugin 'MyISAM'
2016-09-01T21:08:47.232388Z 0 [Note] Shutting down plugin 'INNODB_SYS_VIRTUAL'
2016-09-01T21:08:47.232388Z 0 [Note] Shutting down plugin 'INNODB_SYS_DATAFILES'
2016-09-01T21:08:47.233389Z 0 [Note] Shutting down plugin 'INNODB_SYS_TABLESPACES'
2016-09-01T21:08:47.233389Z 0 [Note] Shutting down plugin 'INNODB_SYS_FOREIGN_COLS'
2016-09-01T21:08:47.234389Z 0 [Note] Shutting down plugin 'INNODB_SYS_FOREIGN'
2016-09-01T21:08:47.234389Z 0 [Note] Shutting down plugin 'INNODB_SYS_FIELDS'
2016-09-01T21:08:47.235390Z 0 [Note] Shutting down plugin 'INNODB_SYS_COLUMNS'
2016-09-01T21:08:47.235390Z 0 [Note] Shutting down plugin 'INNODB_SYS_INDEXES'
2016-09-01T21:08:47.236390Z 0 [Note] Shutting down plugin 'INNODB_SYS_TABLESTATS'
2016-09-01T21:08:47.236390Z 0 [Note] Shutting down plugin 'INNODB_SYS_TABLES'
2016-09-01T21:08:47.236390Z 0 [Note] Shutting down plugin 'INNODB_FT_INDEX_TABLE'
2016-09-01T21:08:47.237391Z 0 [Note] Shutting down plugin 'INNODB_FT_INDEX_CACHE'
2016-09-01T21:08:47.237391Z 0 [Note] Shutting down plugin 'INNODB_FT_CONFIG'
2016-09-01T21:08:47.238392Z 0 [Note] Shutting down plugin 'INNODB_FT_BEING_DELETED'
2016-09-01T21:08:47.238392Z 0 [Note] Shutting down plugin 'INNODB_FT_DELETED'
2016-09-01T21:08:47.239481Z 0 [Note] Shutting down plugin 'INNODB_FT_DEFAULT_STOPWORD'
2016-09-01T21:08:47.239984Z 0 [Note] Shutting down plugin 'INNODB_METRICS'
2016-09-01T21:08:47.240484Z 0 [Note] Shutting down plugin 'INNODB_TEMP_TABLE_INFO'
2016-09-01T21:08:47.240984Z 0 [Note] Shutting down plugin 'INNODB_BUFFER_POOL_STATS'
2016-09-01T21:08:47.241485Z 0 [Note] Shutting down plugin 'INNODB_BUFFER_PAGE_LRU'
2016-09-01T21:08:47.241985Z 0 [Note] Shutting down plugin 'INNODB_BUFFER_PAGE'
2016-09-01T21:08:47.241985Z 0 [Note] Shutting down plugin 'INNODB_CMP_PER_INDEX_RESET'
2016-09-01T21:08:47.241985Z 0 [Note] Shutting down plugin 'INNODB_CMP_PER_INDEX'
2016-09-01T21:08:47.242987Z 0 [Note] Shutting down plugin 'INNODB_CMPMEM_RESET'
2016-09-01T21:08:47.242987Z 0 [Note] Shutting down plugin 'INNODB_CMPMEM'
2016-09-01T21:08:47.243989Z 0 [Note] Shutting down plugin 'INNODB_CMP_RESET'
2016-09-01T21:08:47.243989Z 0 [Note] Shutting down plugin 'INNODB_CMP'
2016-09-01T21:08:47.244989Z 0 [Note] Shutting down plugin 'INNODB_LOCK_WAITS'
2016-09-01T21:08:47.244989Z 0 [Note] Shutting down plugin 'INNODB_LOCKS'
2016-09-01T21:08:47.245989Z 0 [Note] Shutting down plugin 'INNODB_TRX'
2016-09-01T21:08:47.245989Z 0 [Note] Shutting down plugin 'InnoDB'
2016-09-01T21:08:47.245989Z 0 [Note] InnoDB: FTS optimize thread exiting.
2016-09-01T21:08:47.246998Z 0 [Note] InnoDB: Starting shutdown...
2016-09-01T21:08:47.347906Z 0 [Note] InnoDB: Dumping buffer pool(s) to C:\wordpress-4.6-1\mysql\data\ib_buffer_pool
2016-09-01T21:08:47.352914Z 0 [Note] InnoDB: Buffer pool(s) dump completed at 160901 14:08:47
2016-09-01T21:08:48.079448Z 0 [Note] InnoDB: Shutdown completed; log sequence number 2525845
2016-09-01T21:08:48.080450Z 0 [Note] InnoDB: Removed temporary tablespace data file: "ibtmp1"
2016-09-01T21:08:48.080450Z 0 [Note] Shutting down plugin 'MEMORY'
2016-09-01T21:08:48.081450Z 0 [Note] Shutting down plugin 'CSV'
2016-09-01T21:08:48.081450Z 0 [Note] Shutting down plugin 'sha256_password'
2016-09-01T21:08:48.081450Z 0 [Note] Shutting down plugin 'mysql_native_password'
2016-09-01T21:08:48.082450Z 0 [Note] Shutting down plugin 'binlog'
2016-09-01T21:08:48.083451Z 0 [Note] C:\WORDPR~1.6-1\mysql\bin\mysqld.exe: Shutdown complete

2016-09-01T21:09:27.472451Z 0 [Warning] TIMESTAMP with implicit DEFAULT value is deprecated. Please use --explicit_defaults_for_timestamp server option (see documentation for more details).
2016-09-01T21:09:27.472451Z 0 [Warning] Insecure configuration for --secure-file-priv: Current value does not restrict location of generated files. Consider setting it to a valid, non-empty path.
2016-09-01T21:09:27.473451Z 0 [Note] C:\wordpress-4.6-1\mysql\bin\mysqld.exe (mysqld 5.7.14) starting as process 6080 ...
2016-09-01T21:09:27.514478Z 0 [Note] InnoDB: Mutexes and rw_locks use Windows interlocked functions
2016-09-01T21:09:27.516481Z 0 [Note] InnoDB: Uses event mutexes
2016-09-01T21:09:27.517481Z 0 [Note] InnoDB: Memory barrier is not used
2016-09-01T21:09:27.517481Z 0 [Note] InnoDB: Compressed tables use zlib 1.2.3
2016-09-01T21:09:27.518481Z 0 [Note] InnoDB: Number of pools: 1
2016-09-01T21:09:27.519482Z 0 [Note] InnoDB: Not using CPU crc32 instructions
2016-09-01T21:09:27.577188Z 0 [Note] InnoDB: Initializing buffer pool, total size = 128M, instances = 1, chunk size = 128M
2016-09-01T21:09:27.587192Z 0 [Note] InnoDB: Completed initialization of buffer pool
2016-09-01T21:09:28.140634Z 0 [Note] InnoDB: Highest supported file format is Barracuda.
2016-09-01T21:09:29.980459Z 0 [Note] InnoDB: Creating shared tablespace for temporary tables
2016-09-01T21:09:29.981459Z 0 [Note] InnoDB: Setting file '.\ibtmp1' size to 12 MB. Physically writing the file full; Please wait ...
2016-09-01T21:09:30.793350Z 0 [Note] InnoDB: File '.\ibtmp1' size is now 12 MB.
2016-09-01T21:09:31.419742Z 0 [Note] InnoDB: 96 redo rollback segment(s) found. 96 redo rollback segment(s) are active.
2016-09-01T21:09:31.420742Z 0 [Note] InnoDB: 32 non-redo rollback segment(s) are active.
2016-09-01T21:09:31.421743Z 0 [Note] InnoDB: Waiting for purge to start
2016-09-01T21:09:31.540229Z 0 [Note] InnoDB: 5.7.14 started; log sequence number 2525845
2016-09-01T21:09:31.540766Z 0 [Note] InnoDB: Loading buffer pool(s) from C:\wordpress-4.6-1\mysql\data\ib_buffer_pool
2016-09-01T21:09:31.540766Z 0 [Note] Plugin 'FEDERATED' is disabled.
2016-09-01T21:09:31.919780Z 0 [Warning] Failed to set up SSL because of the following SSL library error: SSL context is not usable without certificate and private key
2016-09-01T21:09:31.920780Z 0 [Note] Server hostname (bind-address): '127.0.0.1'; port: 3306
2016-09-01T21:09:31.922783Z 0 [Note]   - '127.0.0.1' resolves to '127.0.0.1';
2016-09-01T21:09:31.922783Z 0 [Note] Server socket created on IP: '127.0.0.1'.
2016-09-01T21:09:33.814672Z 0 [Note] Event Scheduler: Loaded 0 events
2016-09-01T21:09:33.815671Z 0 [Note] C:\wordpress-4.6-1\mysql\bin\mysqld.exe: ready for connections.
Version: '5.7.14'  socket: ''  port: 3306  MySQL Community Server (GPL)
2016-09-01T21:09:33.867561Z 0 [Note] InnoDB: Buffer pool(s) load completed at 160901 14:09:33
2016-09-02T04:25:13.510271Z 0 [Note] C:\wordpress-4.6-1\mysql\bin\mysqld.exe: Normal shutdown

2016-09-02T04:25:13.512272Z 0 [Note] Giving 0 client threads a chance to die gracefully
2016-09-02T04:25:13.513273Z 0 [Note] Shutting down slave threads
2016-09-02T04:25:13.513273Z 0 [Note] Forcefully disconnecting 0 remaining clients
2016-09-02T04:25:13.513273Z 0 [Note] Event Scheduler: Purging the queue. 0 events
2016-09-02T04:25:13.514273Z 0 [Note] Binlog end
2016-09-02T04:25:13.541293Z 0 [Note] Shutting down plugin 'ngram'
2016-09-02T04:25:13.541293Z 0 [Note] Shutting down plugin 'partition'
2016-09-02T04:25:13.542294Z 0 [Note] Shutting down plugin 'BLACKHOLE'
2016-09-02T04:25:13.542294Z 0 [Note] Shutting down plugin 'ARCHIVE'
2016-09-02T04:25:13.542294Z 0 [Note] Shutting down plugin 'PERFORMANCE_SCHEMA'
2016-09-02T04:25:13.543295Z 0 [Note] Shutting down plugin 'MRG_MYISAM'
2016-09-02T04:25:13.543295Z 0 [Note] Shutting down plugin 'MyISAM'
2016-09-02T04:25:13.544293Z 0 [Note] Shutting down plugin 'INNODB_SYS_VIRTUAL'
2016-09-02T04:25:13.544293Z 0 [Note] Shutting down plugin 'INNODB_SYS_DATAFILES'
2016-09-02T04:25:13.545397Z 0 [Note] Shutting down plugin 'INNODB_SYS_TABLESPACES'
2016-09-02T04:25:13.545899Z 0 [Note] Shutting down plugin 'INNODB_SYS_FOREIGN_COLS'
2016-09-02T04:25:13.546400Z 0 [Note] Shutting down plugin 'INNODB_SYS_FOREIGN'
2016-09-02T04:25:13.546900Z 0 [Note] Shutting down plugin 'INNODB_SYS_FIELDS'
2016-09-02T04:25:13.547400Z 0 [Note] Shutting down plugin 'INNODB_SYS_COLUMNS'
2016-09-02T04:25:13.547901Z 0 [Note] Shutting down plugin 'INNODB_SYS_INDEXES'
2016-09-02T04:25:13.547901Z 0 [Note] Shutting down plugin 'INNODB_SYS_TABLESTATS'
2016-09-02T04:25:13.547901Z 0 [Note] Shutting down plugin 'INNODB_SYS_TABLES'
2016-09-02T04:25:13.548905Z 0 [Note] Shutting down plugin 'INNODB_FT_INDEX_TABLE'
2016-09-02T04:25:13.548905Z 0 [Note] Shutting down plugin 'INNODB_FT_INDEX_CACHE'
2016-09-02T04:25:13.549905Z 0 [Note] Shutting down plugin 'INNODB_FT_CONFIG'
2016-09-02T04:25:13.550906Z 0 [Note] Shutting down plugin 'INNODB_FT_BEING_DELETED'
2016-09-02T04:25:13.550906Z 0 [Note] Shutting down plugin 'INNODB_FT_DELETED'
2016-09-02T04:25:13.550906Z 0 [Note] Shutting down plugin 'INNODB_FT_DEFAULT_STOPWORD'
2016-09-02T04:25:13.551907Z 0 [Note] Shutting down plugin 'INNODB_METRICS'
2016-09-02T04:25:13.552908Z 0 [Note] Shutting down plugin 'INNODB_TEMP_TABLE_INFO'
2016-09-02T04:25:13.552908Z 0 [Note] Shutting down plugin 'INNODB_BUFFER_POOL_STATS'
2016-09-02T04:25:13.553907Z 0 [Note] Shutting down plugin 'INNODB_BUFFER_PAGE_LRU'
2016-09-02T04:25:13.553907Z 0 [Note] Shutting down plugin 'INNODB_BUFFER_PAGE'
2016-09-02T04:25:13.554908Z 0 [Note] Shutting down plugin 'INNODB_CMP_PER_INDEX_RESET'
2016-09-02T04:25:13.554908Z 0 [Note] Shutting down plugin 'INNODB_CMP_PER_INDEX'
2016-09-02T04:25:13.555908Z 0 [Note] Shutting down plugin 'INNODB_CMPMEM_RESET'
2016-09-02T04:25:13.555908Z 0 [Note] Shutting down plugin 'INNODB_CMPMEM'
2016-09-02T04:25:13.555908Z 0 [Note] Shutting down plugin 'INNODB_CMP_RESET'
2016-09-02T04:25:13.556909Z 0 [Note] Shutting down plugin 'INNODB_CMP'
2016-09-02T04:25:13.556909Z 0 [Note] Shutting down plugin 'INNODB_LOCK_WAITS'
2016-09-02T04:25:13.557909Z 0 [Note] Shutting down plugin 'INNODB_LOCKS'
2016-09-02T04:25:13.557909Z 0 [Note] Shutting down plugin 'INNODB_TRX'
2016-09-02T04:25:13.557909Z 0 [Note] Shutting down plugin 'InnoDB'
2016-09-02T04:25:13.558910Z 0 [Note] InnoDB: FTS optimize thread exiting.
2016-09-02T04:25:13.558910Z 0 [Note] InnoDB: Starting shutdown...
2016-09-02T04:25:13.660272Z 0 [Note] InnoDB: Dumping buffer pool(s) to C:\wordpress-4.6-1\mysql\data\ib_buffer_pool
2016-09-02T04:25:13.666280Z 0 [Note] InnoDB: Buffer pool(s) dump completed at 160901 21:25:13
2016-09-02T04:25:14.530573Z 0 [Note] InnoDB: Shutdown completed; log sequence number 10456939
2016-09-02T04:25:14.531575Z 0 [Note] InnoDB: Removed temporary tablespace data file: "ibtmp1"
2016-09-02T04:25:14.532575Z 0 [Note] Shutting down plugin 'MEMORY'
2016-09-02T04:25:14.532575Z 0 [Note] Shutting down plugin 'CSV'
2016-09-02T04:25:14.532575Z 0 [Note] Shutting down plugin 'sha256_password'
2016-09-02T04:25:14.533575Z 0 [Note] Shutting down plugin 'mysql_native_password'
2016-09-02T04:25:14.534576Z 0 [Note] Shutting down plugin 'binlog'
2016-09-02T04:25:14.535576Z 0 [Note] C:\wordpress-4.6-1\mysql\bin\mysqld.exe: Shutdown complete

2016-09-02T13:24:03.710379Z 0 [Warning] TIMESTAMP with implicit DEFAULT value is deprecated. Please use --explicit_defaults_for_timestamp server option (see documentation for more details).
2016-09-02T13:24:03.710379Z 0 [Warning] Insecure configuration for --secure-file-priv: Current value does not restrict location of generated files. Consider setting it to a valid, non-empty path.
2016-09-02T13:24:03.711380Z 0 [Note] C:\wordpress-4.6-1\mysql\bin\mysqld.exe (mysqld 5.7.14) starting as process 8392 ...
2016-09-02T13:24:03.769867Z 0 [Note] InnoDB: Mutexes and rw_locks use Windows interlocked functions
2016-09-02T13:24:03.769867Z 0 [Note] InnoDB: Uses event mutexes
2016-09-02T13:24:03.770866Z 0 [Note] InnoDB: Memory barrier is not used
2016-09-02T13:24:03.771867Z 0 [Note] InnoDB: Compressed tables use zlib 1.2.3
2016-09-02T13:24:03.772868Z 0 [Note] InnoDB: Number of pools: 1
2016-09-02T13:24:03.772868Z 0 [Note] InnoDB: Not using CPU crc32 instructions
2016-09-02T13:24:03.776870Z 0 [Note] InnoDB: Initializing buffer pool, total size = 128M, instances = 1, chunk size = 128M
2016-09-02T13:24:03.786878Z 0 [Note] InnoDB: Completed initialization of buffer pool
2016-09-02T13:24:04.005292Z 0 [Note] InnoDB: Highest supported file format is Barracuda.
2016-09-02T13:24:07.544567Z 0 [Note] InnoDB: Creating shared tablespace for temporary tables
2016-09-02T13:24:07.545570Z 0 [Note] InnoDB: Setting file '.\ibtmp1' size to 12 MB. Physically writing the file full; Please wait ...
2016-09-02T13:24:07.848627Z 0 [Note] InnoDB: File '.\ibtmp1' size is now 12 MB.
2016-09-02T13:24:07.932028Z 0 [Note] InnoDB: 96 redo rollback segment(s) found. 96 redo rollback segment(s) are active.
2016-09-02T13:24:07.933028Z 0 [Note] InnoDB: 32 non-redo rollback segment(s) are active.
2016-09-02T13:24:07.934030Z 0 [Note] InnoDB: Waiting for purge to start
2016-09-02T13:24:07.986032Z 0 [Note] InnoDB: page_cleaner: 1000ms intended loop took 4198ms. The settings might not be optimal. (flushed=0 and evicted=0, during the time.)
2016-09-02T13:24:07.991171Z 0 [Note] InnoDB: 5.7.14 started; log sequence number 10456939
2016-09-02T13:24:07.992177Z 0 [Note] Plugin 'FEDERATED' is disabled.
2016-09-02T13:24:07.992177Z 0 [Note] InnoDB: Loading buffer pool(s) from C:\wordpress-4.6-1\mysql\data\ib_buffer_pool
2016-09-02T13:24:08.410188Z 0 [Warning] Failed to set up SSL because of the following SSL library error: SSL context is not usable without certificate and private key
2016-09-02T13:24:08.411187Z 0 [Note] Server hostname (bind-address): '127.0.0.1'; port: 3306
2016-09-02T13:24:08.412189Z 0 [Note]   - '127.0.0.1' resolves to '127.0.0.1';
2016-09-02T13:24:08.413190Z 0 [Note] Server socket created on IP: '127.0.0.1'.
2016-09-02T13:24:09.832992Z 0 [Note] InnoDB: Buffer pool(s) load completed at 160902  6:24:09
2016-09-02T13:24:11.552014Z 0 [Note] Event Scheduler: Loaded 0 events
2016-09-02T13:24:11.553013Z 0 [Note] C:\wordpress-4.6-1\mysql\bin\mysqld.exe: ready for connections.
Version: '5.7.14'  socket: ''  port: 3306  MySQL Community Server (GPL)
2016-09-02T13:24:35.832060Z 7 [Note] Aborted connection 7 to db: 'bitnami_wordpress' user: 'bn_wordpress' host: 'localhost' (Got an error reading communication packets)
2016-09-02T13:24:35.834061Z 5 [Note] Aborted connection 5 to db: 'bitnami_wordpress' user: 'bn_wordpress' host: 'localhost' (Got an error reading communication packets)
2016-09-02T13:24:35.835063Z 6 [Note] Aborted connection 6 to db: 'bitnami_wordpress' user: 'bn_wordpress' host: 'localhost' (Got an error reading communication packets)
2016-09-02T13:37:35.203560Z 0 [Note] C:\wordpress-4.6-1\mysql\bin\mysqld.exe: Normal shutdown

2016-09-02T13:37:35.205560Z 0 [Note] Giving 0 client threads a chance to die gracefully
2016-09-02T13:37:35.205560Z 0 [Note] Shutting down slave threads
2016-09-02T13:37:35.206560Z 0 [Note] Forcefully disconnecting 0 remaining clients
2016-09-02T13:37:35.206560Z 0 [Note] Event Scheduler: Purging the queue. 0 events
2016-09-02T13:37:35.207560Z 0 [Note] Binlog end
2016-09-02T13:37:35.209565Z 0 [Note] Shutting down plugin 'ngram'
2016-09-02T13:37:35.210565Z 0 [Note] Shutting down plugin 'partition'
2016-09-02T13:37:35.210565Z 0 [Note] Shutting down plugin 'BLACKHOLE'
2016-09-02T13:37:35.210565Z 0 [Note] Shutting down plugin 'ARCHIVE'
2016-09-02T13:37:35.211566Z 0 [Note] Shutting down plugin 'PERFORMANCE_SCHEMA'
2016-09-02T13:37:35.211566Z 0 [Note] Shutting down plugin 'MRG_MYISAM'
2016-09-02T13:37:35.212566Z 0 [Note] Shutting down plugin 'MyISAM'
2016-09-02T13:37:35.212566Z 0 [Note] Shutting down plugin 'INNODB_SYS_VIRTUAL'
2016-09-02T13:37:35.212566Z 0 [Note] Shutting down plugin 'INNODB_SYS_DATAFILES'
2016-09-02T13:37:35.213565Z 0 [Note] Shutting down plugin 'INNODB_SYS_TABLESPACES'
2016-09-02T13:37:35.213565Z 0 [Note] Shutting down plugin 'INNODB_SYS_FOREIGN_COLS'
2016-09-02T13:37:35.214566Z 0 [Note] Shutting down plugin 'INNODB_SYS_FOREIGN'
2016-09-02T13:37:35.214566Z 0 [Note] Shutting down plugin 'INNODB_SYS_FIELDS'
2016-09-02T13:37:35.215569Z 0 [Note] Shutting down plugin 'INNODB_SYS_COLUMNS'
2016-09-02T13:37:35.215569Z 0 [Note] Shutting down plugin 'INNODB_SYS_INDEXES'
2016-09-02T13:37:35.216567Z 0 [Note] Shutting down plugin 'INNODB_SYS_TABLESTATS'
2016-09-02T13:37:35.216567Z 0 [Note] Shutting down plugin 'INNODB_SYS_TABLES'
2016-09-02T13:37:35.217570Z 0 [Note] Shutting down plugin 'INNODB_FT_INDEX_TABLE'
2016-09-02T13:37:35.217570Z 0 [Note] Shutting down plugin 'INNODB_FT_INDEX_CACHE'
2016-09-02T13:37:35.218570Z 0 [Note] Shutting down plugin 'INNODB_FT_CONFIG'
2016-09-02T13:37:35.218570Z 0 [Note] Shutting down plugin 'INNODB_FT_BEING_DELETED'
2016-09-02T13:37:35.219571Z 0 [Note] Shutting down plugin 'INNODB_FT_DELETED'
2016-09-02T13:37:35.219571Z 0 [Note] Shutting down plugin 'INNODB_FT_DEFAULT_STOPWORD'
2016-09-02T13:37:35.220572Z 0 [Note] Shutting down plugin 'INNODB_METRICS'
2016-09-02T13:37:35.220572Z 0 [Note] Shutting down plugin 'INNODB_TEMP_TABLE_INFO'
2016-09-02T13:37:35.221572Z 0 [Note] Shutting down plugin 'INNODB_BUFFER_POOL_STATS'
2016-09-02T13:37:35.221572Z 0 [Note] Shutting down plugin 'INNODB_BUFFER_PAGE_LRU'
2016-09-02T13:37:35.221572Z 0 [Note] Shutting down plugin 'INNODB_BUFFER_PAGE'
2016-09-02T13:37:35.222571Z 0 [Note] Shutting down plugin 'INNODB_CMP_PER_INDEX_RESET'
2016-09-02T13:37:35.222571Z 0 [Note] Shutting down plugin 'INNODB_CMP_PER_INDEX'
2016-09-02T13:37:35.223572Z 0 [Note] Shutting down plugin 'INNODB_CMPMEM_RESET'
2016-09-02T13:37:35.223572Z 0 [Note] Shutting down plugin 'INNODB_CMPMEM'
2016-09-02T13:37:35.224572Z 0 [Note] Shutting down plugin 'INNODB_CMP_RESET'
2016-09-02T13:37:35.224572Z 0 [Note] Shutting down plugin 'INNODB_CMP'
2016-09-02T13:37:35.225573Z 0 [Note] Shutting down plugin 'INNODB_LOCK_WAITS'
2016-09-02T13:37:35.225573Z 0 [Note] Shutting down plugin 'INNODB_LOCKS'
2016-09-02T13:37:35.225573Z 0 [Note] Shutting down plugin 'INNODB_TRX'
2016-09-02T13:37:35.226574Z 0 [Note] Shutting down plugin 'InnoDB'
2016-09-02T13:37:35.226574Z 0 [Note] InnoDB: FTS optimize thread exiting.
2016-09-02T13:37:35.227575Z 0 [Note] InnoDB: Starting shutdown...
2016-09-02T13:37:35.328632Z 0 [Note] InnoDB: Dumping buffer pool(s) to C:\wordpress-4.6-1\mysql\data\ib_buffer_pool
2016-09-02T13:37:35.334633Z 0 [Note] InnoDB: Buffer pool(s) dump completed at 160902  6:37:35
2016-09-02T13:37:36.858672Z 0 [Note] InnoDB: Shutdown completed; log sequence number 10896668
2016-09-02T13:37:36.859672Z 0 [Note] InnoDB: Removed temporary tablespace data file: "ibtmp1"
2016-09-02T13:37:36.860673Z 0 [Note] Shutting down plugin 'MEMORY'
2016-09-02T13:37:36.860673Z 0 [Note] Shutting down plugin 'CSV'
2016-09-02T13:37:36.860673Z 0 [Note] Shutting down plugin 'sha256_password'
2016-09-02T13:37:36.861673Z 0 [Note] Shutting down plugin 'mysql_native_password'
2016-09-02T13:37:36.861673Z 0 [Note] Shutting down plugin 'binlog'
2016-09-02T13:37:36.863675Z 0 [Note] C:\wordpress-4.6-1\mysql\bin\mysqld.exe: Shutdown complete

2016-09-02T14:11:24.996507Z 0 [Warning] TIMESTAMP with implicit DEFAULT value is deprecated. Please use --explicit_defaults_for_timestamp server option (see documentation for more details).
2016-09-02T14:11:24.997507Z 0 [Warning] Insecure configuration for --secure-file-priv: Current value does not restrict location of generated files. Consider setting it to a valid, non-empty path.
2016-09-02T14:11:24.997507Z 0 [Note] C:\wordpress-4.6-1\mysql\bin\mysqld.exe (mysqld 5.7.14) starting as process 11400 ...
2016-09-02T14:11:25.008515Z 0 [Note] InnoDB: Mutexes and rw_locks use Windows interlocked functions
2016-09-02T14:11:25.009515Z 0 [Note] InnoDB: Uses event mutexes
2016-09-02T14:11:25.009515Z 0 [Note] InnoDB: Memory barrier is not used
2016-09-02T14:11:25.009515Z 0 [Note] InnoDB: Compressed tables use zlib 1.2.3
2016-09-02T14:11:25.010515Z 0 [Note] InnoDB: Number of pools: 1
2016-09-02T14:11:25.012517Z 0 [Note] InnoDB: Not using CPU crc32 instructions
2016-09-02T14:11:25.016521Z 0 [Note] InnoDB: Initializing buffer pool, total size = 128M, instances = 1, chunk size = 128M
2016-09-02T14:11:25.030340Z 0 [Note] InnoDB: Completed initialization of buffer pool
2016-09-02T14:11:25.253321Z 0 [Note] InnoDB: Highest supported file format is Barracuda.
2016-09-02T14:11:28.103746Z 0 [Note] InnoDB: Creating shared tablespace for temporary tables
2016-09-02T14:11:28.105338Z 0 [Note] InnoDB: Setting file '.\ibtmp1' size to 12 MB. Physically writing the file full; Please wait ...
2016-09-02T14:11:28.456092Z 0 [Note] InnoDB: File '.\ibtmp1' size is now 12 MB.
2016-09-02T14:11:28.556744Z 0 [Note] InnoDB: 96 redo rollback segment(s) found. 96 redo rollback segment(s) are active.
2016-09-02T14:11:28.557748Z 0 [Note] InnoDB: 32 non-redo rollback segment(s) are active.
2016-09-02T14:11:28.558748Z 0 [Note] InnoDB: Waiting for purge to start
2016-09-02T14:11:28.615336Z 0 [Note] InnoDB: 5.7.14 started; log sequence number 10896668
2016-09-02T14:11:28.616745Z 0 [Note] InnoDB: Loading buffer pool(s) from C:\wordpress-4.6-1\mysql\data\ib_buffer_pool
2016-09-02T14:11:28.616745Z 0 [Note] Plugin 'FEDERATED' is disabled.
2016-09-02T14:11:28.923801Z 0 [Warning] Failed to set up SSL because of the following SSL library error: SSL context is not usable without certificate and private key
2016-09-02T14:11:28.925525Z 0 [Note] Server hostname (bind-address): '127.0.0.1'; port: 3306
2016-09-02T14:11:28.926527Z 0 [Note]   - '127.0.0.1' resolves to '127.0.0.1';
2016-09-02T14:11:28.927525Z 0 [Note] Server socket created on IP: '127.0.0.1'.
2016-09-02T14:11:29.269729Z 0 [Note] Event Scheduler: Loaded 0 events
2016-09-02T14:11:29.270730Z 0 [Note] C:\wordpress-4.6-1\mysql\bin\mysqld.exe: ready for connections.
Version: '5.7.14'  socket: ''  port: 3306  MySQL Community Server (GPL)
2016-09-02T14:11:29.300357Z 0 [Note] InnoDB: Buffer pool(s) load completed at 160902  7:11:29
2016-09-02T15:52:58.183738Z 0 [Note] C:\wordpress-4.6-1\mysql\bin\mysqld.exe: Normal shutdown

2016-09-02T15:52:58.184737Z 0 [Note] Giving 0 client threads a chance to die gracefully
2016-09-02T15:52:58.185740Z 0 [Note] Shutting down slave threads
2016-09-02T15:52:58.185740Z 0 [Note] Forcefully disconnecting 0 remaining clients
2016-09-02T15:52:58.186737Z 0 [Note] Event Scheduler: Purging the queue. 0 events
2016-09-02T15:52:58.186737Z 0 [Note] Binlog end
2016-09-02T15:52:58.191741Z 0 [Note] Shutting down plugin 'ngram'
2016-09-02T15:52:58.191741Z 0 [Note] Shutting down plugin 'partition'
2016-09-02T15:52:58.192744Z 0 [Note] Shutting down plugin 'BLACKHOLE'
2016-09-02T15:52:58.192744Z 0 [Note] Shutting down plugin 'ARCHIVE'
2016-09-02T15:52:58.193743Z 0 [Note] Shutting down plugin 'PERFORMANCE_SCHEMA'
2016-09-02T15:52:58.193743Z 0 [Note] Shutting down plugin 'MRG_MYISAM'
2016-09-02T15:52:58.194743Z 0 [Note] Shutting down plugin 'MyISAM'
2016-09-02T15:52:58.195744Z 0 [Note] Shutting down plugin 'INNODB_SYS_VIRTUAL'
2016-09-02T15:52:58.196745Z 0 [Note] Shutting down plugin 'INNODB_SYS_DATAFILES'
2016-09-02T15:52:58.196745Z 0 [Note] Shutting down plugin 'INNODB_SYS_TABLESPACES'
2016-09-02T15:52:58.197745Z 0 [Note] Shutting down plugin 'INNODB_SYS_FOREIGN_COLS'
2016-09-02T15:52:58.197745Z 0 [Note] Shutting down plugin 'INNODB_SYS_FOREIGN'
2016-09-02T15:52:58.198745Z 0 [Note] Shutting down plugin 'INNODB_SYS_FIELDS'
2016-09-02T15:52:58.198745Z 0 [Note] Shutting down plugin 'INNODB_SYS_COLUMNS'
2016-09-02T15:52:58.199746Z 0 [Note] Shutting down plugin 'INNODB_SYS_INDEXES'
2016-09-02T15:52:58.199746Z 0 [Note] Shutting down plugin 'INNODB_SYS_TABLESTATS'
2016-09-02T15:52:58.200746Z 0 [Note] Shutting down plugin 'INNODB_SYS_TABLES'
2016-09-02T15:52:58.200746Z 0 [Note] Shutting down plugin 'INNODB_FT_INDEX_TABLE'
2016-09-02T15:52:58.200746Z 0 [Note] Shutting down plugin 'INNODB_FT_INDEX_CACHE'
2016-09-02T15:52:58.201747Z 0 [Note] Shutting down plugin 'INNODB_FT_CONFIG'
2016-09-02T15:52:58.201747Z 0 [Note] Shutting down plugin 'INNODB_FT_BEING_DELETED'
2016-09-02T15:52:58.202747Z 0 [Note] Shutting down plugin 'INNODB_FT_DELETED'
2016-09-02T15:52:58.202747Z 0 [Note] Shutting down plugin 'INNODB_FT_DEFAULT_STOPWORD'
2016-09-02T15:52:58.203749Z 0 [Note] Shutting down plugin 'INNODB_METRICS'
2016-09-02T15:52:58.203749Z 0 [Note] Shutting down plugin 'INNODB_TEMP_TABLE_INFO'
2016-09-02T15:52:58.204749Z 0 [Note] Shutting down plugin 'INNODB_BUFFER_POOL_STATS'
2016-09-02T15:52:58.204749Z 0 [Note] Shutting down plugin 'INNODB_BUFFER_PAGE_LRU'
2016-09-02T15:52:58.204749Z 0 [Note] Shutting down plugin 'INNODB_BUFFER_PAGE'
2016-09-02T15:52:58.205750Z 0 [Note] Shutting down plugin 'INNODB_CMP_PER_INDEX_RESET'
2016-09-02T15:52:58.205750Z 0 [Note] Shutting down plugin 'INNODB_CMP_PER_INDEX'
2016-09-02T15:52:58.206750Z 0 [Note] Shutting down plugin 'INNODB_CMPMEM_RESET'
2016-09-02T15:52:58.206750Z 0 [Note] Shutting down plugin 'INNODB_CMPMEM'
2016-09-02T15:52:58.207751Z 0 [Note] Shutting down plugin 'INNODB_CMP_RESET'
2016-09-02T15:52:58.207751Z 0 [Note] Shutting down plugin 'INNODB_CMP'
2016-09-02T15:52:58.208752Z 0 [Note] Shutting down plugin 'INNODB_LOCK_WAITS'
2016-09-02T15:52:58.208752Z 0 [Note] Shutting down plugin 'INNODB_LOCKS'
2016-09-02T15:52:58.208752Z 0 [Note] Shutting down plugin 'INNODB_TRX'
2016-09-02T15:52:58.209752Z 0 [Note] Shutting down plugin 'InnoDB'
2016-09-02T15:52:58.209752Z 0 [Note] InnoDB: FTS optimize thread exiting.
2016-09-02T15:52:58.210756Z 0 [Note] InnoDB: Starting shutdown...
2016-09-02T15:52:58.311796Z 0 [Note] InnoDB: Dumping buffer pool(s) to C:\wordpress-4.6-1\mysql\data\ib_buffer_pool
2016-09-02T15:52:58.317801Z 0 [Note] InnoDB: Buffer pool(s) dump completed at 160902  8:52:58
2016-09-02T15:52:59.853696Z 0 [Note] InnoDB: Shutdown completed; log sequence number 12474261
2016-09-02T15:52:59.854697Z 0 [Note] InnoDB: Removed temporary tablespace data file: "ibtmp1"
2016-09-02T15:52:59.855701Z 0 [Note] Shutting down plugin 'MEMORY'
2016-09-02T15:52:59.855701Z 0 [Note] Shutting down plugin 'CSV'
2016-09-02T15:52:59.855701Z 0 [Note] Shutting down plugin 'sha256_password'
2016-09-02T15:52:59.856703Z 0 [Note] Shutting down plugin 'mysql_native_password'
2016-09-02T15:52:59.856703Z 0 [Note] Shutting down plugin 'binlog'
2016-09-02T15:52:59.857704Z 0 [Note] C:\wordpress-4.6-1\mysql\bin\mysqld.exe: Shutdown complete

